# JRE version: OpenJDK Runtime Environment Temurin-21.0.5+11 (21.0.5+11) (build 21.0.5+11-LTS)
# Java VM: OpenJDK 64-Bit Server VM Temurin-21.0.5+11 (21.0.5+11-LTS, mixed mode, emulated-client, sharing, tiered, compressed oops, compressed class ptrs, g1 gc, windows-amd64)
GC Precious Log:
 CardTable entry size: 512
 Card Set container configuration: InlinePtr #cards 4 size 8 Array Of Cards #cards 16 size 48 Howl #buckets 8 coarsen threshold 3686 Howl Bitmap #cards 512 size 80 coarsen threshold 460 Card regions per heap region 1 cards per card region 4096
 CPUs: 8 total, 8 available
 Memory: 16179M
 Large Page Support: Disabled
 NUMA Support: Disabled
 Compressed Oops: Enabled (Zero based)
 Heap Region Size: 2M
 Heap Min Capacity: 8M
 Heap Initial Capacity: 254M
 Heap Max Capacity: 4046M
 Pre-touch: Disabled
 Parallel Workers: 8
 Concurrent Workers: 2
 Concurrent Refinement Workers: 8
 Periodic GC: Disabled
Heap:
 garbage-first heap   total 147456K, used 67510K [0x0000000703200000, 0x0000000800000000)
  region size 2048K, 5 young (10240K), 5 survivors (10240K)
 Metaspace       used 82297K, committed 83264K, reserved 1179648K
  class space    used 11775K, committed 12224K, reserved 1048576K
GC Heap History (20 events):
Event: 8.052 GC heap after
{Heap after GC invocations=20 (full 0):
 garbage-first heap   total 147456K, used 43251K [0x0000000703200000, 0x0000000800000000)
  region size 2048K, 2 young (4096K), 2 survivors (4096K)
 Metaspace       used 36923K, committed 37504K, reserved 1114112K
  class space    used 5196K, committed 5440K, reserved 1048576K
}
Event: 8.467 GC heap before
{Heap before GC invocations=20 (full 0):
 garbage-first heap   total 147456K, used 127219K [0x0000000703200000, 0x0000000800000000)
  region size 2048K, 43 young (88064K), 2 survivors (4096K)
 Metaspace       used 36929K, committed 37504K, reserved 1114112K
  class space    used 5198K, committed 5440K, reserved 1048576K
}
Event: 8.469 GC heap after
{Heap after GC invocations=21 (full 0):
 garbage-first heap   total 147456K, used 42974K [0x0000000703200000, 0x0000000800000000)
  region size 2048K, 2 young (4096K), 2 survivors (4096K)
 Metaspace       used 36929K, committed 37504K, reserved 1114112K
  class space    used 5198K, committed 5440K, reserved 1048576K
}
Event: 8.782 GC heap before
{Heap before GC invocations=21 (full 0):
 garbage-first heap   total 147456K, used 126942K [0x0000000703200000, 0x0000000800000000)
  region size 2048K, 43 young (88064K), 2 survivors (4096K)
 Metaspace       used 36938K, committed 37504K, reserved 1114112K
  class space    used 5201K, committed 5440K, reserved 1048576K
}
Event: 8.784 GC heap after
{Heap after GC invocations=22 (full 0):
 garbage-first heap   total 147456K, used 42931K [0x0000000703200000, 0x0000000800000000)
  region size 2048K, 2 young (4096K), 2 survivors (4096K)
 Metaspace       used 36938K, committed 37504K, reserved 1114112K
  class space    used 5201K, committed 5440K, reserved 1048576K
}
Event: 9.990 GC heap before
{Heap before GC invocations=22 (full 0):
 garbage-first heap   total 147456K, used 126899K [0x0000000703200000, 0x0000000800000000)
  region size 2048K, 43 young (88064K), 2 survivors (4096K)
 Metaspace       used 43660K, committed 44288K, reserved 1114112K
  class space    used 6147K, committed 6464K, reserved 1048576K
}
Event: 9.994 GC heap after
{Heap after GC invocations=23 (full 0):
 garbage-first heap   total 147456K, used 44970K [0x0000000703200000, 0x0000000800000000)
  region size 2048K, 3 young (6144K), 3 survivors (6144K)
 Metaspace       used 43660K, committed 44288K, reserved 1114112K
  class space    used 6147K, committed 6464K, reserved 1048576K
}
Event: 10.423 GC heap before
{Heap before GC invocations=23 (full 0):
 garbage-first heap   total 147456K, used 126890K [0x0000000703200000, 0x0000000800000000)
  region size 2048K, 43 young (88064K), 3 survivors (6144K)
 Metaspace       used 45219K, committed 45888K, reserved 1114112K
  class space    used 6372K, committed 6656K, reserved 1048576K
}
Event: 10.427 GC heap after
{Heap after GC invocations=24 (full 0):
 garbage-first heap   total 147456K, used 45599K [0x0000000703200000, 0x0000000800000000)
  region size 2048K, 3 young (6144K), 3 survivors (6144K)
 Metaspace       used 45219K, committed 45888K, reserved 1114112K
  class space    used 6372K, committed 6656K, reserved 1048576K
}
Event: 10.977 GC heap before
{Heap before GC invocations=24 (full 0):
 garbage-first heap   total 147456K, used 127519K [0x0000000703200000, 0x0000000800000000)
  region size 2048K, 43 young (88064K), 3 survivors (6144K)
 Metaspace       used 49726K, committed 50432K, reserved 1114112K
  class space    used 7025K, committed 7360K, reserved 1048576K
}
Event: 10.984 GC heap after
{Heap after GC invocations=25 (full 0):
 garbage-first heap   total 147456K, used 47183K [0x0000000703200000, 0x0000000800000000)
  region size 2048K, 4 young (8192K), 4 survivors (8192K)
 Metaspace       used 49726K, committed 50432K, reserved 1114112K
  class space    used 7025K, committed 7360K, reserved 1048576K
}
Event: 11.833 GC heap before
{Heap before GC invocations=25 (full 0):
 garbage-first heap   total 147456K, used 81999K [0x0000000703200000, 0x0000000800000000)
  region size 2048K, 22 young (45056K), 4 survivors (8192K)
 Metaspace       used 59066K, committed 59840K, reserved 1114112K
  class space    used 8388K, committed 8768K, reserved 1048576K
}
Event: 11.838 GC heap after
{Heap after GC invocations=26 (full 0):
 garbage-first heap   total 147456K, used 49337K [0x0000000703200000, 0x0000000800000000)
  region size 2048K, 4 young (8192K), 4 survivors (8192K)
 Metaspace       used 59066K, committed 59840K, reserved 1114112K
  class space    used 8388K, committed 8768K, reserved 1048576K
}
Event: 13.739 GC heap before
{Heap before GC invocations=27 (full 0):
 garbage-first heap   total 147456K, used 127161K [0x0000000703200000, 0x0000000800000000)
  region size 2048K, 42 young (86016K), 4 survivors (8192K)
 Metaspace       used 76534K, committed 77376K, reserved 1179648K
  class space    used 11008K, committed 11392K, reserved 1048576K
}
Event: 13.747 GC heap after
{Heap after GC invocations=28 (full 0):
 garbage-first heap   total 147456K, used 53749K [0x0000000703200000, 0x0000000800000000)
  region size 2048K, 5 young (10240K), 5 survivors (10240K)
 Metaspace       used 76534K, committed 77376K, reserved 1179648K
  class space    used 11008K, committed 11392K, reserved 1048576K
}
Event: 14.776 GC heap before
{Heap before GC invocations=28 (full 0):
 garbage-first heap   total 147456K, used 125429K [0x0000000703200000, 0x0000000800000000)
  region size 2048K, 41 young (83968K), 5 survivors (10240K)
 Metaspace       used 81139K, committed 82048K, reserved 1179648K
  class space    used 11635K, committed 12096K, reserved 1048576K
}
Event: 14.786 GC heap after
{Heap after GC invocations=29 (full 0):
 garbage-first heap   total 147456K, used 58955K [0x0000000703200000, 0x0000000800000000)
  region size 2048K, 5 young (10240K), 5 survivors (10240K)
 Metaspace       used 81139K, committed 82048K, reserved 1179648K
  class space    used 11635K, committed 12096K, reserved 1048576K
}
Event: 14.999 GC heap before
{Heap before GC invocations=29 (full 0):
 garbage-first heap   total 147456K, used 126539K [0x0000000703200000, 0x0000000800000000)
  region size 2048K, 38 young (77824K), 5 survivors (10240K)
 Metaspace       used 82297K, committed 83264K, reserved 1179648K
  class space    used 11775K, committed 12224K, reserved 1048576K
}
Event: 15.006 GC heap after
{Heap after GC invocations=30 (full 0):
 garbage-first heap   total 147456K, used 66033K [0x0000000703200000, 0x0000000800000000)
  region size 2048K, 5 young (10240K), 5 survivors (10240K)
 Metaspace       used 82297K, committed 83264K, reserved 1179648K
  class space    used 11775K, committed 12224K, reserved 1048576K
}
Event: 15.193 GC heap before
{Heap before GC invocations=30 (full 0):
 garbage-first heap   total 147456K, used 125425K [0x0000000703200000, 0x0000000800000000)
  region size 2048K, 34 young (69632K), 5 survivors (10240K)
 Metaspace       used 82297K, committed 83264K, reserved 1179648K
  class space    used 11775K, committed 12224K, reserved 1048576K
}

